#
# There is insufficient memory for the Java Runtime Environment to continue.
# Native memory allocation (malloc) failed to allocate 1297056 bytes for Chunk::new
# Possible reasons:
#   The system is out of physical RAM or swap space
#   The process is running with CompressedOops enabled, and the Java Heap may be blocking the growth of the native heap
# Possible solutions:
#   Reduce memory load on the system
#   Increase physical memory or swap space
#   Check if swap backing store is full
#   Decrease Java heap size (-Xmx/-Xms)
#   Decrease number of Java threads
#   Decrease Java thread stack sizes (-Xss)
#   Set larger code cache with -XX:ReservedCodeCacheSize=
#   JVM is running with Unscaled Compressed Oops mode in which the Java heap is
#     placed in the first 4GB address space. The Java Heap base address is the
#     maximum limit for the native heap growth. Please use -XX:HeapBaseMinAddress
#     to set the Java Heap base and to place the Java Heap above 4GB virtual address.
# This output file may be truncated or incomplete.
#
#  Out of Memory Error (arena.cpp:189), pid=2760, tid=2596
#
# JRE version: Java(TM) SE Runtime Environment (17.0.9+11) (build 17.0.9+11-LTS-201)
# Java VM: Java HotSpot(TM) 64-Bit Server VM (17.0.9+11-LTS-201, mixed mode, sharing, tiered, compressed oops, compressed class ptrs, g1 gc, windows-amd64)
# No core dump will be written. Minidumps are not enabled by default on client versions of Windows
#

---------------  S U M M A R Y ------------

Command Line: -agentlib:jdwp=transport=dt_socket,server=n,suspend=y,address=localhost:57653 -Dcom.sun.management.jmxremote -Dcom.sun.management.jmxremote.port=57645 -Dcom.sun.management.jmxremote.authenticate=false -Dcom.sun.management.jmxremote.ssl=false -Dspring.jmx.enabled=true -Djava.rmi.server.hostname=localhost -Dspring.application.admin.enabled=true -Dspring.boot.project.name=sales-manager -XX:+ShowCodeDetailsInExceptionMessages com.example.sales_manager.SalesManagerApplication

Host: Intel(R) Core(TM) i3-1005G1 CPU @ 1.20GHz, 4 cores, 3G,  Windows 11 , 64 bit Build 22621 (10.0.22621.3672)
Time: Sat Jun 29 17:32:57 2024 SE Asia Standard Time elapsed time: 33.938058 seconds (0d 0h 0m 33s)

---------------  T H R E A D  ---------------

Current thread (0x000002947652cf80):  JavaThread "C2 CompilerThread0" daemon [_thread_in_native, id=2596, stack(0x000000b74d400000,0x000000b74d500000)]


Current CompileTask:
C2:  33939 5041   !   4       org.springframework.util.ReflectionUtils::doWithMethods (186 bytes)

Stack: [0x000000b74d400000,0x000000b74d500000]
Native frames: (J=compiled Java code, j=interpreted, Vv=VM code, C=native code)
V  [jvm.dll+0x678a4a]
V  [jvm.dll+0x7d9cfd]
V  [jvm.dll+0x7db60e]
V  [jvm.dll+0x7dbc73]
V  [jvm.dll+0x245e1f]
V  [jvm.dll+0xaaafb]
V  [jvm.dll+0xab09c]
V  [jvm.dll+0x2ab7ef]
V  [jvm.dll+0x5812e5]
V  [jvm.dll+0x220c52]
V  [jvm.dll+0x22102f]
V  [jvm.dll+0x219f86]
V  [jvm.dll+0x217459]
V  [jvm.dll+0x1a3bc0]
V  [jvm.dll+0x2272de]
V  [jvm.dll+0x22548b]
V  [jvm.dll+0x78f58c]
V  [jvm.dll+0x78998a]
V  [jvm.dll+0x677875]
C  [ucrtbase.dll+0x29333]
C  [KERNEL32.DLL+0x1257d]
C  [ntdll.dll+0x5af28]


---------------  P R O C E S S  ---------------

Threads class SMR info:
_java_thread_list=0x000002947e936620, length=26, elements={
0x000002945b3ec100, 0x000002945b4a5390, 0x000002945b4a5f50, 0x0000029476528540,
0x0000029476528f00, 0x000002947652b8d0, 0x000002947652c290, 0x000002947652cf80,
0x000002947652fa40, 0x000002947653a3c0, 0x00000294765fe690, 0x00000294768add60,
0x0000029476808d00, 0x000002947680e5a0, 0x000002947680ec80, 0x000002947b1b8470,
0x000002947b379c30, 0x000002947b3f05d0, 0x000002947b981bc0, 0x000002947b961710,
0x000002947bc5eeb0, 0x000002947bc5d560, 0x000002947bc5da70, 0x000002947bc5df80,
0x000002947bc5f3c0, 0x000002947bc5fde0
}

Java Threads: ( => current thread )
  0x000002945b3ec100 JavaThread "main" [_thread_blocked, id=14188, stack(0x000000b74c700000,0x000000b74c800000)]
  0x000002945b4a5390 JavaThread "Reference Handler" daemon [_thread_blocked, id=9340, stack(0x000000b74ce00000,0x000000b74cf00000)]
  0x000002945b4a5f50 JavaThread "Finalizer" daemon [_thread_blocked, id=8448, stack(0x000000b74cf00000,0x000000b74d000000)]
  0x0000029476528540 JavaThread "Signal Dispatcher" daemon [_thread_blocked, id=10316, stack(0x000000b74d000000,0x000000b74d100000)]
  0x0000029476528f00 JavaThread "Attach Listener" daemon [_thread_blocked, id=7204, stack(0x000000b74d100000,0x000000b74d200000)]
  0x000002947652b8d0 JavaThread "Service Thread" daemon [_thread_blocked, id=15004, stack(0x000000b74d200000,0x000000b74d300000)]
  0x000002947652c290 JavaThread "Monitor Deflation Thread" daemon [_thread_blocked, id=13940, stack(0x000000b74d300000,0x000000b74d400000)]
=>0x000002947652cf80 JavaThread "C2 CompilerThread0" daemon [_thread_in_native, id=2596, stack(0x000000b74d400000,0x000000b74d500000)]
  0x000002947652fa40 JavaThread "C1 CompilerThread0" daemon [_thread_blocked, id=10092, stack(0x000000b74d500000,0x000000b74d600000)]
  0x000002947653a3c0 JavaThread "Sweeper thread" daemon [_thread_blocked, id=13136, stack(0x000000b74d600000,0x000000b74d700000)]
  0x00000294765fe690 JavaThread "Common-Cleaner" daemon [_thread_blocked, id=11500, stack(0x000000b74d700000,0x000000b74d800000)]
  0x00000294768add60 JavaThread "JDWP Transport Listener: dt_socket" daemon [_thread_blocked, id=15608, stack(0x000000b74d800000,0x000000b74d900000)]
  0x0000029476808d00 JavaThread "JDWP Event Helper Thread" daemon [_thread_blocked, id=13892, stack(0x000000b74d900000,0x000000b74da00000)]
  0x000002947680e5a0 JavaThread "JDWP Command Reader" daemon [_thread_in_native, id=17928, stack(0x000000b74da00000,0x000000b74db00000)]
  0x000002947680ec80 JavaThread "Notification Thread" daemon [_thread_blocked, id=17052, stack(0x000000b74db00000,0x000000b74dc00000)]
  0x000002947b1b8470 JavaThread "RMI TCP Accept-0" daemon [_thread_in_native, id=14480, stack(0x000000b74dc00000,0x000000b74dd00000)]
  0x000002947b379c30 JavaThread "RMI TCP Accept-57645" daemon [_thread_in_native, id=13876, stack(0x000000b74dd00000,0x000000b74de00000)]
  0x000002947b3f05d0 JavaThread "RMI TCP Accept-0" daemon [_thread_in_native, id=12364, stack(0x000000b74de00000,0x000000b74df00000)]
  0x000002947b981bc0 JavaThread "Thread-0" [_thread_blocked, id=3264, stack(0x000000b74e400000,0x000000b74e500000)]
  0x000002947b961710 JavaThread "restartedMain" [_thread_in_Java, id=9452, stack(0x000000b74e500000,0x000000b74e600000)]
  0x000002947bc5eeb0 JavaThread "Catalina-utility-1" [_thread_blocked, id=17856, stack(0x000000b74e600000,0x000000b74e700000)]
  0x000002947bc5d560 JavaThread "Catalina-utility-2" [_thread_blocked, id=8300, stack(0x000000b74e700000,0x000000b74e800000)]
  0x000002947bc5da70 JavaThread "container-0" [_thread_blocked, id=13704, stack(0x000000b74e800000,0x000000b74e900000)]
  0x000002947bc5df80 JavaThread "mysql-cj-abandoned-connection-cleanup" daemon [_thread_blocked, id=7016, stack(0x000000b74e900000,0x000000b74ea00000)]
  0x000002947bc5f3c0 JavaThread "HikariPool-1 housekeeper" daemon [_thread_blocked, id=6112, stack(0x000000b74eb00000,0x000000b74ec00000)]
  0x000002947bc5fde0 JavaThread "HikariPool-1 connection adder" daemon [_thread_blocked, id=13732, stack(0x000000b74ec00000,0x000000b74ed00000)]

Other Threads:
  0x000002945b49e130 VMThread "VM Thread" [stack: 0x000000b74cd00000,0x000000b74ce00000] [id=2276]
  0x000002947b204230 WatcherThread [stack: 0x000000b74df00000,0x000000b74e000000] [id=17324]
  0x000002945b4310a0 GCTaskThread "GC Thread#0" [stack: 0x000000b74c800000,0x000000b74c900000] [id=18376]
  0x000002947b465830 GCTaskThread "GC Thread#1" [stack: 0x000000b74e000000,0x000000b74e100000] [id=15528]
  0x000002947b49f0e0 GCTaskThread "GC Thread#2" [stack: 0x000000b74e100000,0x000000b74e200000] [id=16188]
  0x000002947b49f3a0 GCTaskThread "GC Thread#3" [stack: 0x000000b74e200000,0x000000b74e300000] [id=9424]
  0x000002945b4399b0 ConcurrentGCThread "G1 Main Marker" [stack: 0x000000b74c900000,0x000000b74ca00000] [id=10988]
  0x000002945b43a3c0 ConcurrentGCThread "G1 Conc#0" [stack: 0x000000b74ca00000,0x000000b74cb00000] [id=5180]
  0x000002945b474ad0 ConcurrentGCThread "G1 Refine#0" [stack: 0x000000b74cb00000,0x000000b74cc00000] [id=4888]
  0x000002947b446f80 ConcurrentGCThread "G1 Refine#1" [stack: 0x000000b74e300000,0x000000b74e400000] [id=2536]
  0x000002945b475500 ConcurrentGCThread "G1 Service" [stack: 0x000000b74cc00000,0x000000b74cd00000] [id=17592]

Threads with active compile tasks:
C2 CompilerThread0    33991 5041   !   4       org.springframework.util.ReflectionUtils::doWithMethods (186 bytes)

VM state: not at safepoint (normal execution)

VM Mutex/Monitor currently owned by a thread: None

Heap address: 0x00000000c3200000, size: 974 MB, Compressed Oops mode: 32-bit

CDS archive(s) mapped at: [0x0000029400000000-0x0000029400bd0000-0x0000029400bd0000), size 12386304, SharedBaseAddress: 0x0000029400000000, ArchiveRelocationMode: 1.
Compressed class space mapped at: 0x0000029401000000-0x0000029441000000, reserved size: 1073741824
Narrow klass base: 0x0000029400000000, Narrow klass shift: 0, Narrow klass range: 0x100000000

GC Precious Log:
 CPUs: 4 total, 4 available
 Memory: 3891M
 Large Page Support: Disabled
 NUMA Support: Disabled
 Compressed Oops: Enabled (32-bit)
 Heap Region Size: 1M
 Heap Min Capacity: 8M
 Heap Initial Capacity: 62M
 Heap Max Capacity: 974M
 Pre-touch: Disabled
 Parallel Workers: 4
 Concurrent Workers: 1
 Concurrent Refinement Workers: 4
 Periodic GC: Disabled

Heap:
 garbage-first heap   total 48128K, used 30817K [0x00000000c3200000, 0x0000000100000000)
  region size 1024K, 9 young (9216K), 2 survivors (2048K)
 Metaspace       used 54812K, committed 55232K, reserved 1114112K
  class space    used 7276K, committed 7488K, reserved 1048576K

Heap Regions: E=young(eden), S=young(survivor), O=old, HS=humongous(starts), HC=humongous(continues), CS=collection set, F=free, OA=open archive, CA=closed archive, TAMS=top-at-mark-start (previous, next)
|   0|0x00000000c3200000, 0x00000000c3300000, 0x00000000c3300000|100%|HS|  |TAMS 0x00000000c3300000, 0x00000000c3200000| Complete 
|   1|0x00000000c3300000, 0x00000000c3400000, 0x00000000c3400000|100%| O|  |TAMS 0x00000000c3400000, 0x00000000c3300000| Untracked 
|   2|0x00000000c3400000, 0x00000000c3500000, 0x00000000c3500000|100%| O|  |TAMS 0x00000000c3500000, 0x00000000c3400000| Untracked 
|   3|0x00000000c3500000, 0x00000000c3600000, 0x00000000c3600000|100%| O|  |TAMS 0x00000000c3600000, 0x00000000c3500000| Untracked 
|   4|0x00000000c3600000, 0x00000000c3700000, 0x00000000c3700000|100%| O|  |TAMS 0x00000000c3700000, 0x00000000c3600000| Untracked 
|   5|0x00000000c3700000, 0x00000000c3800000, 0x00000000c3800000|100%| O|  |TAMS 0x00000000c3800000, 0x00000000c3700000| Untracked 
|   6|0x00000000c3800000, 0x00000000c3900000, 0x00000000c3900000|100%| O|  |TAMS 0x00000000c3900000, 0x00000000c3800000| Untracked 
|   7|0x00000000c3900000, 0x00000000c3a00000, 0x00000000c3a00000|100%| O|  |TAMS 0x00000000c3a00000, 0x00000000c3900000| Untracked 
|   8|0x00000000c3a00000, 0x00000000c3af0200, 0x00000000c3b00000| 93%| O|  |TAMS 0x00000000c3af0200, 0x00000000c3a00000| Untracked 
|   9|0x00000000c3b00000, 0x00000000c3c00000, 0x00000000c3c00000|100%| O|  |TAMS 0x00000000c3c00000, 0x00000000c3b00000| Untracked 
|  10|0x00000000c3c00000, 0x00000000c3d00000, 0x00000000c3d00000|100%| O|  |TAMS 0x00000000c3d00000, 0x00000000c3c00000| Untracked 
|  11|0x00000000c3d00000, 0x00000000c3e00000, 0x00000000c3e00000|100%| O|  |TAMS 0x00000000c3e00000, 0x00000000c3d00000| Untracked 
|  12|0x00000000c3e00000, 0x00000000c3f00000, 0x00000000c3f00000|100%| O|  |TAMS 0x00000000c3f00000, 0x00000000c3e00000| Untracked 
|  13|0x00000000c3f00000, 0x00000000c4000000, 0x00000000c4000000|100%| O|  |TAMS 0x00000000c4000000, 0x00000000c3f00000| Untracked 
|  14|0x00000000c4000000, 0x00000000c4100000, 0x00000000c4100000|100%| O|  |TAMS 0x00000000c4100000, 0x00000000c4000000| Untracked 
|  15|0x00000000c4100000, 0x00000000c4200000, 0x00000000c4200000|100%| O|  |TAMS 0x00000000c4200000, 0x00000000c4100000| Untracked 
|  16|0x00000000c4200000, 0x00000000c4300000, 0x00000000c4300000|100%| O|  |TAMS 0x00000000c4300000, 0x00000000c4200000| Untracked 
|  17|0x00000000c4300000, 0x00000000c4400000, 0x00000000c4400000|100%| O|  |TAMS 0x00000000c4400000, 0x00000000c4300000| Untracked 
|  18|0x00000000c4400000, 0x00000000c4500000, 0x00000000c4500000|100%| O|  |TAMS 0x00000000c4500000, 0x00000000c4400000| Untracked 
|  19|0x00000000c4500000, 0x00000000c4600000, 0x00000000c4600000|100%| O|  |TAMS 0x00000000c4600000, 0x00000000c4500000| Untracked 
|  20|0x00000000c4600000, 0x00000000c4700000, 0x00000000c4700000|100%| O|  |TAMS 0x00000000c4700000, 0x00000000c4600000| Untracked 
|  21|0x00000000c4700000, 0x00000000c4800000, 0x00000000c4800000|100%| O|  |TAMS 0x00000000c47d6400, 0x00000000c4700000| Untracked 
|  22|0x00000000c4800000, 0x00000000c4828200, 0x00000000c4900000| 15%| O|  |TAMS 0x00000000c4800000, 0x00000000c4800000| Untracked 
|  23|0x00000000c4900000, 0x00000000c4900000, 0x00000000c4a00000|  0%| F|  |TAMS 0x00000000c4900000, 0x00000000c4900000| Untracked 
|  24|0x00000000c4a00000, 0x00000000c4a00000, 0x00000000c4b00000|  0%| F|  |TAMS 0x00000000c4a00000, 0x00000000c4a00000| Untracked 
|  25|0x00000000c4b00000, 0x00000000c4b00000, 0x00000000c4c00000|  0%| F|  |TAMS 0x00000000c4b00000, 0x00000000c4b00000| Untracked 
|  26|0x00000000c4c00000, 0x00000000c4c00000, 0x00000000c4d00000|  0%| F|  |TAMS 0x00000000c4c00000, 0x00000000c4c00000| Untracked 
|  27|0x00000000c4d00000, 0x00000000c4d00000, 0x00000000c4e00000|  0%| F|  |TAMS 0x00000000c4d00000, 0x00000000c4d00000| Untracked 
|  28|0x00000000c4e00000, 0x00000000c4e00000, 0x00000000c4f00000|  0%| F|  |TAMS 0x00000000c4e00000, 0x00000000c4e00000| Untracked 
|  29|0x00000000c4f00000, 0x00000000c5000000, 0x00000000c5000000|100%| S|CS|TAMS 0x00000000c4f00000, 0x00000000c4f00000| Complete 
|  30|0x00000000c5000000, 0x00000000c5100000, 0x00000000c5100000|100%| S|CS|TAMS 0x00000000c5000000, 0x00000000c5000000| Complete 
|  31|0x00000000c5100000, 0x00000000c5100000, 0x00000000c5200000|  0%| F|  |TAMS 0x00000000c5100000, 0x00000000c5100000| Untracked 
|  32|0x00000000c5200000, 0x00000000c5200000, 0x00000000c5300000|  0%| F|  |TAMS 0x00000000c5200000, 0x00000000c5200000| Untracked 
|  33|0x00000000c5300000, 0x00000000c5300000, 0x00000000c5400000|  0%| F|  |TAMS 0x00000000c5300000, 0x00000000c5300000| Untracked 
|  34|0x00000000c5400000, 0x00000000c5400000, 0x00000000c5500000|  0%| F|  |TAMS 0x00000000c5400000, 0x00000000c5400000| Untracked 
|  35|0x00000000c5500000, 0x00000000c5500000, 0x00000000c5600000|  0%| F|  |TAMS 0x00000000c5500000, 0x00000000c5500000| Untracked 
|  36|0x00000000c5600000, 0x00000000c5600000, 0x00000000c5700000|  0%| F|  |TAMS 0x00000000c5600000, 0x00000000c5600000| Untracked 
|  37|0x00000000c5700000, 0x00000000c5700000, 0x00000000c5800000|  0%| F|  |TAMS 0x00000000c5700000, 0x00000000c5700000| Untracked 
|  38|0x00000000c5800000, 0x00000000c5800000, 0x00000000c5900000|  0%| F|  |TAMS 0x00000000c5800000, 0x00000000c5800000| Untracked 
|  39|0x00000000c5900000, 0x00000000c5900000, 0x00000000c5a00000|  0%| F|  |TAMS 0x00000000c5900000, 0x00000000c5900000| Untracked 
|  40|0x00000000c5a00000, 0x00000000c5a3ec48, 0x00000000c5b00000| 24%| E|  |TAMS 0x00000000c5a00000, 0x00000000c5a00000| Complete 
|  41|0x00000000c5b00000, 0x00000000c5c00000, 0x00000000c5c00000|100%| E|CS|TAMS 0x00000000c5b00000, 0x00000000c5b00000| Complete 
|  50|0x00000000c6400000, 0x00000000c6500000, 0x00000000c6500000|100%| E|CS|TAMS 0x00000000c6400000, 0x00000000c6400000| Complete 
|  51|0x00000000c6500000, 0x00000000c6600000, 0x00000000c6600000|100%| E|CS|TAMS 0x00000000c6500000, 0x00000000c6500000| Complete 
|  52|0x00000000c6600000, 0x00000000c6700000, 0x00000000c6700000|100%| E|CS|TAMS 0x00000000c6600000, 0x00000000c6600000| Complete 
|  53|0x00000000c6700000, 0x00000000c6800000, 0x00000000c6800000|100%| E|CS|TAMS 0x00000000c6700000, 0x00000000c6700000| Complete 
|  61|0x00000000c6f00000, 0x00000000c7000000, 0x00000000c7000000|100%| E|CS|TAMS 0x00000000c6f00000, 0x00000000c6f00000| Complete 

Card table byte_map: [0x0000029471e70000,0x0000029472060000] _byte_map_base: 0x0000029471857000

Marking Bits (Prev, Next): (CMBitMap*) 0x000002945b431700, (CMBitMap*) 0x000002945b4316c0
 Prev Bits: [0x0000029473190000, 0x00000294740c8000)
 Next Bits: [0x0000029472250000, 0x0000029473188000)

Polling page: 0x000002945abb0000

Metaspace:

Usage:
  Non-class:     46.42 MB used.
      Class:      7.11 MB used.
       Both:     53.53 MB used.

Virtual space:
  Non-class space:       64.00 MB reserved,      46.62 MB ( 73%) committed,  1 nodes.
      Class space:        1.00 GB reserved,       7.31 MB ( <1%) committed,  1 nodes.
             Both:        1.06 GB reserved,      53.94 MB (  5%) committed. 

Chunk freelists:
   Non-Class:  1.31 MB
       Class:  8.52 MB
        Both:  9.83 MB

MaxMetaspaceSize: unlimited
CompressedClassSpaceSize: 1.00 GB
Initial GC threshold: 21.00 MB
Current GC threshold: 89.50 MB
CDS: on
MetaspaceReclaimPolicy: balanced
 - commit_granule_bytes: 65536.
 - commit_granule_words: 8192.
 - virtual_space_node_default_size: 8388608.
 - enlarge_chunks_in_place: 1.
 - new_chunks_are_fully_committed: 0.
 - uncommit_free_chunks: 1.
 - use_allocation_guard: 0.
 - handle_deallocations: 1.


Internal statistics:

num_allocs_failed_limit: 6.
num_arena_births: 630.
num_arena_deaths: 0.
num_vsnodes_births: 2.
num_vsnodes_deaths: 0.
num_space_committed: 863.
num_space_uncommitted: 0.
num_chunks_returned_to_freelist: 6.
num_chunks_taken_from_freelist: 2409.
num_chunk_merges: 6.
num_chunk_splits: 1756.
num_chunks_enlarged: 1391.
num_inconsistent_stats: 0.

CodeHeap 'non-profiled nmethods': size=120000Kb used=2849Kb max_used=3268Kb free=117150Kb
 bounds [0x000002946a750000, 0x000002946aa90000, 0x0000029471c80000]
CodeHeap 'profiled nmethods': size=120000Kb used=9464Kb max_used=10547Kb free=110535Kb
 bounds [0x0000029462c80000, 0x00000294636d0000, 0x000002946a1b0000]
CodeHeap 'non-nmethods': size=5760Kb used=1375Kb max_used=1426Kb free=4384Kb
 bounds [0x000002946a1b0000, 0x000002946a420000, 0x000002946a750000]
 total_blobs=5063 nmethods=4448 adapters=527
 compilation: enabled
              stopped_count=0, restarted_count=0
 full_count=0

Compilation events (20 events):
Event: 33.898 Thread 0x000002947652fa40 5186       2       org.springframework.core.MethodClassKey::compareTo (9 bytes)
Event: 33.898 Thread 0x000002947652fa40 nmethod 5186 0x00000294634ff410 code [0x00000294634ff5a0, 0x00000294634ff708]
Event: 33.898 Thread 0x000002947652fa40 5187       2       org.springframework.core.MethodClassKey::compareTo (78 bytes)
Event: 33.899 Thread 0x000002947652fa40 nmethod 5187 0x00000294635a5c10 code [0x00000294635a5e00, 0x00000294635a60c8]
Event: 33.905 Thread 0x000002947652fa40 5188       1       org.springframework.beans.factory.annotation.InitDestroyAnnotationBeanPostProcessor$1::hasDestroyMethods (2 bytes)
Event: 33.905 Thread 0x000002947652fa40 nmethod 5188 0x000002946a79ce90 code [0x000002946a79d020, 0x000002946a79d0f8]
Event: 33.911 Thread 0x000002947652fa40 5189       2       org.springframework.beans.factory.annotation.InjectionMetadata::inject (75 bytes)
Event: 33.912 Thread 0x000002947652fa40 nmethod 5189 0x00000294635a5610 code [0x00000294635a57e0, 0x00000294635a5aa8]
Event: 33.913 Thread 0x000002947652fa40 5190       2       org.springframework.core.BridgeMethodResolver::isResolvedTypeMatch (107 bytes)
Event: 33.915 Thread 0x000002947652fa40 nmethod 5190 0x00000294635a4510 code [0x00000294635a4780, 0x00000294635a4df8]
Event: 33.915 Thread 0x000002947652fa40 5191       2       sun.reflect.generics.reflectiveObjects.WildcardTypeImpl::hashCode (20 bytes)
Event: 33.916 Thread 0x000002947652fa40 nmethod 5191 0x00000294631c2410 code [0x00000294631c2620, 0x00000294631c2b38]
Event: 33.922 Thread 0x000002947652fa40 5192       1       jdk.xml.internal.XMLSecurityManager$Limit::systemProperty (5 bytes)
Event: 33.922 Thread 0x000002947652fa40 nmethod 5192 0x000002946a79cb90 code [0x000002946a79cd20, 0x000002946a79cdf8]
Event: 33.925 Thread 0x000002947652fa40 5193       2       com.fasterxml.jackson.databind.type.ClassKey::<init> (29 bytes)
Event: 33.926 Thread 0x000002947652fa40 nmethod 5193 0x00000294631c1f10 code [0x00000294631c20c0, 0x00000294631c22f8]
Event: 33.927 Thread 0x000002947652fa40 5194       1       org.springframework.context.annotation.CommonAnnotationBeanPostProcessor::postProcessAfterInstantiation (2 bytes)
Event: 33.927 Thread 0x000002947652fa40 nmethod 5194 0x000002946a79c890 code [0x000002946a79ca20, 0x000002946a79caf8]
Event: 33.928 Thread 0x000002947652fa40 5195       1       org.springframework.aop.support.DefaultPointcutAdvisor::getPointcut (5 bytes)
Event: 33.928 Thread 0x000002947652fa40 nmethod 5195 0x000002946a79c410 code [0x000002946a79c5a0, 0x000002946a79c678]

GC Heap History (20 events):
Event: 16.160 GC heap before
{Heap before GC invocations=7 (full 0):
 garbage-first heap   total 48128K, used 14591K [0x00000000c3200000, 0x0000000100000000)
  region size 1024K, 4 young (4096K), 3 survivors (3072K)
 Metaspace       used 24274K, committed 24576K, reserved 1114112K
  class space    used 3035K, committed 3200K, reserved 1048576K
}
Event: 16.164 GC heap after
{Heap after GC invocations=8 (full 0):
 garbage-first heap   total 48128K, used 14639K [0x00000000c3200000, 0x0000000100000000)
  region size 1024K, 1 young (1024K), 1 survivors (1024K)
 Metaspace       used 24274K, committed 24576K, reserved 1114112K
  class space    used 3035K, committed 3200K, reserved 1048576K
}
Event: 18.831 GC heap before
{Heap before GC invocations=8 (full 0):
 garbage-first heap   total 48128K, used 34095K [0x00000000c3200000, 0x0000000100000000)
  region size 1024K, 20 young (20480K), 1 survivors (1024K)
 Metaspace       used 27350K, committed 27776K, reserved 1114112K
  class space    used 3460K, committed 3648K, reserved 1048576K
}
Event: 18.834 GC heap after
{Heap after GC invocations=9 (full 0):
 garbage-first heap   total 48128K, used 15592K [0x00000000c3200000, 0x0000000100000000)
  region size 1024K, 2 young (2048K), 2 survivors (2048K)
 Metaspace       used 27350K, committed 27776K, reserved 1114112K
  class space    used 3460K, committed 3648K, reserved 1048576K
}
Event: 23.005 GC heap before
{Heap before GC invocations=9 (full 0):
 garbage-first heap   total 48128K, used 34024K [0x00000000c3200000, 0x0000000100000000)
  region size 1024K, 21 young (21504K), 2 survivors (2048K)
 Metaspace       used 30447K, committed 30848K, reserved 1114112K
  class space    used 3939K, committed 4160K, reserved 1048576K
}
Event: 23.012 GC heap after
{Heap after GC invocations=10 (full 0):
 garbage-first heap   total 48128K, used 17566K [0x00000000c3200000, 0x0000000100000000)
  region size 1024K, 3 young (3072K), 3 survivors (3072K)
 Metaspace       used 30447K, committed 30848K, reserved 1114112K
  class space    used 3939K, committed 4160K, reserved 1048576K
}
Event: 24.771 GC heap before
{Heap before GC invocations=10 (full 0):
 garbage-first heap   total 48128K, used 34974K [0x00000000c3200000, 0x0000000100000000)
  region size 1024K, 20 young (20480K), 3 survivors (3072K)
 Metaspace       used 32704K, committed 33152K, reserved 1114112K
  class space    used 4195K, committed 4416K, reserved 1048576K
}
Event: 24.777 GC heap after
{Heap after GC invocations=11 (full 0):
 garbage-first heap   total 48128K, used 18663K [0x00000000c3200000, 0x0000000100000000)
  region size 1024K, 2 young (2048K), 2 survivors (2048K)
 Metaspace       used 32704K, committed 33152K, reserved 1114112K
  class space    used 4195K, committed 4416K, reserved 1048576K
}
Event: 25.649 GC heap before
{Heap before GC invocations=11 (full 0):
 garbage-first heap   total 48128K, used 29927K [0x00000000c3200000, 0x0000000100000000)
  region size 1024K, 15 young (15360K), 2 survivors (2048K)
 Metaspace       used 35520K, committed 35968K, reserved 1114112K
  class space    used 4581K, committed 4800K, reserved 1048576K
}
Event: 25.652 GC heap after
{Heap after GC invocations=12 (full 0):
 garbage-first heap   total 48128K, used 19362K [0x00000000c3200000, 0x0000000100000000)
  region size 1024K, 2 young (2048K), 2 survivors (2048K)
 Metaspace       used 35520K, committed 35968K, reserved 1114112K
  class space    used 4581K, committed 4800K, reserved 1048576K
}
Event: 27.610 GC heap before
{Heap before GC invocations=13 (full 0):
 garbage-first heap   total 48128K, used 35746K [0x00000000c3200000, 0x0000000100000000)
  region size 1024K, 19 young (19456K), 2 survivors (2048K)
 Metaspace       used 39709K, committed 40192K, reserved 1114112K
  class space    used 5298K, committed 5504K, reserved 1048576K
}
Event: 27.614 GC heap after
{Heap after GC invocations=14 (full 0):
 garbage-first heap   total 48128K, used 20281K [0x00000000c3200000, 0x0000000100000000)
  region size 1024K, 2 young (2048K), 2 survivors (2048K)
 Metaspace       used 39709K, committed 40192K, reserved 1114112K
  class space    used 5298K, committed 5504K, reserved 1048576K
}
Event: 27.720 GC heap before
{Heap before GC invocations=14 (full 0):
 garbage-first heap   total 48128K, used 21305K [0x00000000c3200000, 0x0000000100000000)
  region size 1024K, 3 young (3072K), 2 survivors (2048K)
 Metaspace       used 39951K, committed 40384K, reserved 1114112K
  class space    used 5323K, committed 5504K, reserved 1048576K
}
Event: 27.724 GC heap after
{Heap after GC invocations=15 (full 0):
 garbage-first heap   total 48128K, used 20619K [0x00000000c3200000, 0x0000000100000000)
  region size 1024K, 1 young (1024K), 1 survivors (1024K)
 Metaspace       used 39951K, committed 40384K, reserved 1114112K
  class space    used 5323K, committed 5504K, reserved 1048576K
}
Event: 30.477 GC heap before
{Heap before GC invocations=15 (full 0):
 garbage-first heap   total 48128K, used 35979K [0x00000000c3200000, 0x0000000100000000)
  region size 1024K, 17 young (17408K), 1 survivors (1024K)
 Metaspace       used 47802K, committed 48256K, reserved 1114112K
  class space    used 6256K, committed 6464K, reserved 1048576K
}
Event: 30.480 GC heap after
{Heap after GC invocations=16 (full 0):
 garbage-first heap   total 48128K, used 22355K [0x00000000c3200000, 0x0000000100000000)
  region size 1024K, 3 young (3072K), 3 survivors (3072K)
 Metaspace       used 47802K, committed 48256K, reserved 1114112K
  class space    used 6256K, committed 6464K, reserved 1048576K
}
Event: 31.328 GC heap before
{Heap before GC invocations=16 (full 0):
 garbage-first heap   total 48128K, used 35667K [0x00000000c3200000, 0x0000000100000000)
  region size 1024K, 17 young (17408K), 3 survivors (3072K)
 Metaspace       used 50930K, committed 51392K, reserved 1114112K
  class space    used 6631K, committed 6848K, reserved 1048576K
}
Event: 31.331 GC heap after
{Heap after GC invocations=17 (full 0):
 garbage-first heap   total 48128K, used 23264K [0x00000000c3200000, 0x0000000100000000)
  region size 1024K, 1 young (1024K), 1 survivors (1024K)
 Metaspace       used 50930K, committed 51392K, reserved 1114112K
  class space    used 6631K, committed 6848K, reserved 1048576K
}
Event: 33.582 GC heap before
{Heap before GC invocations=17 (full 0):
 garbage-first heap   total 48128K, used 38624K [0x00000000c3200000, 0x0000000100000000)
  region size 1024K, 16 young (16384K), 1 survivors (1024K)
 Metaspace       used 54454K, committed 54912K, reserved 1114112K
  class space    used 7209K, committed 7424K, reserved 1048576K
}
Event: 33.586 GC heap after
{Heap after GC invocations=18 (full 0):
 garbage-first heap   total 48128K, used 24673K [0x00000000c3200000, 0x0000000100000000)
  region size 1024K, 2 young (2048K), 2 survivors (2048K)
 Metaspace       used 54454K, committed 54912K, reserved 1114112K
  class space    used 7209K, committed 7424K, reserved 1048576K
}

Deoptimization events (20 events):
Event: 33.929 Thread 0x000002947b961710 DEOPT PACKING pc=0x000002946a91d3d4 sp=0x000000b74e5fcbf0
Event: 33.929 Thread 0x000002947b961710 DEOPT UNPACKING pc=0x000002946a2066e3 sp=0x000000b74e5fc068 mode 1
Event: 33.929 Thread 0x000002947b961710 DEOPT PACKING pc=0x00000294631df984 sp=0x000000b74e5fcc30
Event: 33.929 Thread 0x000002947b961710 DEOPT UNPACKING pc=0x000002946a2066e3 sp=0x000000b74e5fc290 mode 1
Event: 33.929 Thread 0x000002947b961710 DEOPT PACKING pc=0x00000294633e3c21 sp=0x000000b74e5fbee0
Event: 33.929 Thread 0x000002947b961710 DEOPT UNPACKING pc=0x000002946a2066e3 sp=0x000000b74e5fb3b8 mode 1
Event: 33.929 Thread 0x000002947b961710 DEOPT PACKING pc=0x0000029463341e4c sp=0x000000b74e5fbf70
Event: 33.929 Thread 0x000002947b961710 DEOPT UNPACKING pc=0x000002946a2066e3 sp=0x000000b74e5fb510 mode 1
Event: 33.929 Thread 0x000002947b961710 DEOPT PACKING pc=0x00000294631e881c sp=0x000000b74e5fc0d0
Event: 33.929 Thread 0x000002947b961710 DEOPT UNPACKING pc=0x000002946a2066e3 sp=0x000000b74e5fb690 mode 1
Event: 33.930 Thread 0x000002947b961710 DEOPT PACKING pc=0x000002946a9940c8 sp=0x000000b74e5fb800
Event: 33.930 Thread 0x000002947b961710 DEOPT UNPACKING pc=0x000002946a2066e3 sp=0x000000b74e5fac98 mode 1
Event: 33.930 Thread 0x000002947b961710 DEOPT PACKING pc=0x000002946a91d3d4 sp=0x000000b74e5fc170
Event: 33.930 Thread 0x000002947b961710 DEOPT UNPACKING pc=0x000002946a2066e3 sp=0x000000b74e5fb600 mode 1
Event: 33.930 Thread 0x000002947b961710 DEOPT PACKING pc=0x000002946a9940c8 sp=0x000000b74e5fc280
Event: 33.930 Thread 0x000002947b961710 DEOPT UNPACKING pc=0x000002946a2066e3 sp=0x000000b74e5fb718 mode 1
Event: 33.930 Thread 0x000002947b961710 DEOPT PACKING pc=0x000002946a91d3d4 sp=0x000000b74e5fcbf0
Event: 33.930 Thread 0x000002947b961710 DEOPT UNPACKING pc=0x000002946a2066e3 sp=0x000000b74e5fc068 mode 1
Event: 33.930 Thread 0x000002947b961710 DEOPT PACKING pc=0x00000294631df984 sp=0x000000b74e5fcc30
Event: 33.930 Thread 0x000002947b961710 DEOPT UNPACKING pc=0x000002946a2066e3 sp=0x000000b74e5fc290 mode 1

Classes unloaded (0 events):
No events

Classes redefined (0 events):
No events

Internal exceptions (20 events):
Event: 23.483 Thread 0x000002947b961710 Exception <a 'java/lang/NoSuchMethodError'{0x00000000c593b050}: 'java.lang.Object java.lang.invoke.DelegatingMethodHandle$Holder.reinvoke_L(java.lang.Object, long, java.lang.Object, java.lang.Object, java.lang.Object, java.lang.Object, java.lang.Object, java.lang.Object)'> (0x00000000c593b050) 
thrown [s\open\src\hotspot\share\interpreter\linkResolver.cpp, line 759]
Event: 23.632 Thread 0x000002947b961710 Exception <a 'java/io/FileNotFoundException'{0x00000000c5882c50}> (0x00000000c5882c50) 
thrown [s\open\src\hotspot\share\prims\jni.cpp, line 516]
Event: 23.694 Thread 0x000002947b961710 Exception <a 'java/lang/NoSuchMethodError'{0x00000000c57e9578}: 'int java.lang.invoke.DirectMethodHandle$Holder.invokeInterface(java.lang.Object, java.lang.Object, java.lang.Object, java.lang.Object)'> (0x00000000c57e9578) 
thrown [s\open\src\hotspot\share\interpreter\linkResolver.cpp, line 759]
Event: 23.959 Thread 0x000002947b961710 Exception <a 'java/lang/NoSuchMethodError'{0x00000000c55d3fd0}: 'long java.lang.invoke.DirectMethodHandle$Holder.invokeVirtual(java.lang.Object, java.lang.Object)'> (0x00000000c55d3fd0) 
thrown [s\open\src\hotspot\share\interpreter\linkResolver.cpp, line 759]
Event: 23.968 Thread 0x000002947b961710 Exception <a 'java/io/FileNotFoundException'{0x00000000c5404978}> (0x00000000c5404978) 
thrown [s\open\src\hotspot\share\prims\jni.cpp, line 516]
Event: 24.796 Thread 0x000002947b961710 Implicit null exception at 0x000002946a993807 to 0x000002946a993b58
Event: 24.893 Thread 0x000002947b961710 Implicit null exception at 0x000002946a901d1f to 0x000002946a9020f0
Event: 24.902 Thread 0x000002947b961710 Exception <a 'sun/nio/fs/WindowsException'{0x00000000c66cfe60}> (0x00000000c66cfe60) 
thrown [s\open\src\hotspot\share\prims\jni.cpp, line 516]
Event: 27.419 Thread 0x000002947b961710 Exception <a 'java/lang/NoSuchMethodError'{0x00000000c4e2c128}: 'int java.lang.invoke.DirectMethodHandle$Holder.invokeStatic(java.lang.Object)'> (0x00000000c4e2c128) 
thrown [s\open\src\hotspot\share\interpreter\linkResolver.cpp, line 759]
Event: 28.315 Thread 0x000002947b961710 Exception <a 'sun/nio/fs/WindowsException'{0x00000000c5932fe8}> (0x00000000c5932fe8) 
thrown [s\open\src\hotspot\share\prims\jni.cpp, line 516]
Event: 28.409 Thread 0x000002947b961710 Exception <a 'java/lang/NoSuchMethodError'{0x00000000c5956168}: 'int java.lang.invoke.DirectMethodHandle$Holder.invokeStaticInit(java.lang.Object, java.lang.Object, java.lang.Object, java.lang.Object)'> (0x00000000c5956168) 
thrown [s\open\src\hotspot\share\interpreter\linkResolver.cpp, line 759]
Event: 28.986 Thread 0x000002947b961710 Implicit null exception at 0x000002946a7e0f68 to 0x000002946a7e1128
Event: 30.267 Thread 0x000002947b961710 Exception <a 'java/lang/NoSuchMethodError'{0x00000000c5228310}: 'java.lang.Object java.lang.invoke.DirectMethodHandle$Holder.invokeStaticInit(java.lang.Object, java.lang.Object, java.lang.Object, java.lang.Object)'> (0x00000000c5228310) 
thrown [s\open\src\hotspot\share\interpreter\linkResolver.cpp, line 759]
Event: 31.222 Thread 0x000002947b961710 Exception <a 'java/lang/IncompatibleClassChangeError'{0x00000000c5405648}: Found class java.lang.Object, but interface was expected> (0x00000000c5405648) 
thrown [s\open\src\hotspot\share\interpreter\linkResolver.cpp, line 826]
Event: 31.270 Thread 0x000002947b961710 Exception <a 'java/lang/NoSuchMethodError'{0x00000000c54e9a38}: 'java.lang.Object java.lang.invoke.DirectMethodHandle$Holder.invokeStatic(java.lang.Object, java.lang.Object, int, java.lang.Object)'> (0x00000000c54e9a38) 
thrown [s\open\src\hotspot\share\interpreter\linkResolver.cpp, line 759]
Event: 31.271 Thread 0x000002947b961710 Exception <a 'java/lang/NoSuchMethodError'{0x00000000c54ed740}: 'java.lang.Object java.lang.invoke.DirectMethodHandle$Holder.invokeStaticInit(java.lang.Object, java.lang.Object, int, java.lang.Object)'> (0x00000000c54ed740) 
thrown [s\open\src\hotspot\share\interpreter\linkResolver.cpp, line 759]
Event: 32.128 Thread 0x000002947b961710 Exception <a 'java/lang/NoSuchMethodError'{0x00000000c5b41ed0}: 'void java.lang.invoke.DirectMethodHandle$Holder.invokeInterface(java.lang.Object, java.lang.Object)'> (0x00000000c5b41ed0) 
thrown [s\open\src\hotspot\share\interpreter\linkResolver.cpp, line 759]
Event: 32.638 Thread 0x000002947b961710 Exception <a 'java/lang/NoSuchMethodError'{0x00000000c5814f38}: 'java.lang.Object java.lang.invoke.DirectMethodHandle$Holder.invokeInterface(java.lang.Object, java.lang.Object, java.lang.Object, java.lang.Object)'> (0x00000000c5814f38) 
thrown [s\open\src\hotspot\share\interpreter\linkResolver.cpp, line 759]
Event: 33.771 Thread 0x000002947b961710 Exception <a 'sun/nio/fs/WindowsException'{0x00000000c665a4c0}> (0x00000000c665a4c0) 
thrown [s\open\src\hotspot\share\prims\jni.cpp, line 516]
Event: 33.870 Thread 0x000002947b961710 Exception <a 'java/lang/IncompatibleClassChangeError'{0x00000000c6436958}: Found class java.lang.Object, but interface was expected> (0x00000000c6436958) 
thrown [s\open\src\hotspot\share\interpreter\linkResolver.cpp, line 826]

VM Operations (20 events):
Event: 30.477 Executing VM operation: G1CollectForAllocation
Event: 30.480 Executing VM operation: G1CollectForAllocation done
Event: 31.328 Executing VM operation: G1CollectForAllocation
Event: 31.331 Executing VM operation: G1CollectForAllocation done
Event: 33.335 Executing VM operation: Cleanup
Event: 33.383 Executing VM operation: Cleanup done
Event: 33.417 Executing VM operation: HandshakeAllThreads
Event: 33.417 Executing VM operation: HandshakeAllThreads done
Event: 33.472 Executing VM operation: HandshakeAllThreads
Event: 33.472 Executing VM operation: HandshakeAllThreads done
Event: 33.582 Executing VM operation: G1CollectForAllocation
Event: 33.586 Executing VM operation: G1CollectForAllocation done
Event: 33.622 Executing VM operation: HandshakeAllThreads
Event: 33.623 Executing VM operation: HandshakeAllThreads done
Event: 33.634 Executing VM operation: G1Concurrent
Event: 33.639 Executing VM operation: G1Concurrent done
Event: 33.661 Executing VM operation: G1Concurrent
Event: 33.680 Executing VM operation: G1Concurrent done
Event: 33.797 Executing VM operation: HandshakeAllThreads
Event: 33.797 Executing VM operation: HandshakeAllThreads done

Events (20 events):
Event: 32.734 loading class java/time/DurationEditor
Event: 32.734 loading class java/time/DurationEditor done
Event: 32.739 loading class java/util/regex/Pattern$1
Event: 32.742 loading class java/util/regex/Pattern$1 done
Event: 33.416 loading class java/util/ArrayList$ListItr
Event: 33.416 loading class java/util/ArrayList$ListItr done
Event: 33.553 loading class java/util/Comparators$NullComparator
Event: 33.554 loading class java/util/Comparators$NullComparator done
Event: 33.827 loading class java/util/EnumMap$EntrySet
Event: 33.828 loading class java/util/EnumMap$EntrySet done
Event: 33.828 loading class java/util/EnumMap$EntryIterator
Event: 33.828 loading class java/util/EnumMap$EnumMapIterator
Event: 33.828 loading class java/util/EnumMap$EnumMapIterator done
Event: 33.828 loading class java/util/EnumMap$EntryIterator done
Event: 33.842 loading class java/lang/SafeVarargs
Event: 33.842 loading class java/lang/SafeVarargs done
Event: 33.868 loading class java/util/concurrent/ConcurrentHashMap$TreeNode
Event: 33.868 loading class java/util/concurrent/ConcurrentHashMap$TreeNode done
Event: 33.869 loading class java/util/concurrent/ConcurrentHashMap$TreeBin
Event: 33.869 loading class java/util/concurrent/ConcurrentHashMap$TreeBin done


Dynamic libraries:
0x00007ff685760000 - 0x00007ff685770000 	C:\Program Files\Java\jdk-17\bin\java.exe
0x00007ffd16890000 - 0x00007ffd16aa7000 	C:\WINDOWS\SYSTEM32\ntdll.dll
0x00007ffd14ed0000 - 0x00007ffd14f94000 	C:\WINDOWS\System32\KERNEL32.DLL
0x00007ffd14160000 - 0x00007ffd1450d000 	C:\WINDOWS\System32\KERNELBASE.dll
0x00007ffd13d10000 - 0x00007ffd13e21000 	C:\WINDOWS\System32\ucrtbase.dll
0x00007ffcf6430000 - 0x00007ffcf644b000 	C:\Program Files\Java\jdk-17\bin\VCRUNTIME140.dll
0x00007ffcf0630000 - 0x00007ffcf0649000 	C:\Program Files\Java\jdk-17\bin\jli.dll
0x00007ffd159e0000 - 0x00007ffd15a92000 	C:\WINDOWS\System32\ADVAPI32.dll
0x00007ffd14880000 - 0x00007ffd14927000 	C:\WINDOWS\System32\msvcrt.dll
0x00007ffd16770000 - 0x00007ffd16819000 	C:\WINDOWS\System32\sechost.dll
0x00007ffd13bc0000 - 0x00007ffd13be8000 	C:\WINDOWS\System32\bcrypt.dll
0x00007ffd15aa0000 - 0x00007ffd15bb4000 	C:\WINDOWS\System32\RPCRT4.dll
0x00007ffd14d20000 - 0x00007ffd14ece000 	C:\WINDOWS\System32\USER32.dll
0x00007ffd13ea0000 - 0x00007ffd13ec6000 	C:\WINDOWS\System32\win32u.dll
0x00007ffd15840000 - 0x00007ffd15869000 	C:\WINDOWS\System32\GDI32.dll
0x00007ffcffd30000 - 0x00007ffcfffc3000 	C:\WINDOWS\WinSxS\amd64_microsoft.windows.common-controls_6595b64144ccf1df_6.0.22621.3672_none_2713b9d173822955\COMCTL32.dll
0x00007ffd13bf0000 - 0x00007ffd13d09000 	C:\WINDOWS\System32\gdi32full.dll
0x00007ffd140c0000 - 0x00007ffd1415a000 	C:\WINDOWS\System32\msvcp_win.dll
0x00007ffd0d620000 - 0x00007ffd0d62a000 	C:\WINDOWS\SYSTEM32\VERSION.dll
0x00007ffd14fa0000 - 0x00007ffd14fd1000 	C:\WINDOWS\System32\IMM32.DLL
0x00007ffd10570000 - 0x00007ffd1057c000 	C:\Program Files\Java\jdk-17\bin\vcruntime140_1.dll
0x00007ffce5ae0000 - 0x00007ffce5b6e000 	C:\Program Files\Java\jdk-17\bin\msvcp140.dll
0x00007ffc94fb0000 - 0x00007ffc95b91000 	C:\Program Files\Java\jdk-17\bin\server\jvm.dll
0x00007ffd16760000 - 0x00007ffd16768000 	C:\WINDOWS\System32\PSAPI.DLL
0x00007ffcf7d20000 - 0x00007ffcf7d29000 	C:\WINDOWS\SYSTEM32\WSOCK32.dll
0x00007ffd15bc0000 - 0x00007ffd15c31000 	C:\WINDOWS\System32\WS2_32.dll
0x00007ffd0d130000 - 0x00007ffd0d164000 	C:\WINDOWS\SYSTEM32\WINMM.dll
0x00007ffd12bb0000 - 0x00007ffd12bc8000 	C:\WINDOWS\SYSTEM32\kernel.appcore.dll
0x00007ffd0ef70000 - 0x00007ffd0ef7a000 	C:\Program Files\Java\jdk-17\bin\jimage.dll
0x00007ffd114c0000 - 0x00007ffd116f2000 	C:\WINDOWS\SYSTEM32\DBGHELP.DLL
0x00007ffd14990000 - 0x00007ffd14d18000 	C:\WINDOWS\System32\combase.dll
0x00007ffd14750000 - 0x00007ffd14827000 	C:\WINDOWS\System32\OLEAUT32.dll
0x00007ffcfc0a0000 - 0x00007ffcfc0d2000 	C:\WINDOWS\SYSTEM32\dbgcore.DLL
0x00007ffd13ed0000 - 0x00007ffd13f4b000 	C:\WINDOWS\System32\bcryptPrimitives.dll
0x00007ffce5aa0000 - 0x00007ffce5adb000 	C:\Program Files\Java\jdk-17\bin\jdwp.dll
0x00007ffce5a70000 - 0x00007ffce5a95000 	C:\Program Files\Java\jdk-17\bin\java.dll
0x00007ffce5990000 - 0x00007ffce5a67000 	C:\Program Files\Java\jdk-17\bin\jsvml.dll
0x00007ffd15df0000 - 0x00007ffd1664f000 	C:\WINDOWS\System32\SHELL32.dll
0x00007ffd11ac0000 - 0x00007ffd123bc000 	C:\WINDOWS\SYSTEM32\windows.storage.dll
0x00007ffd11980000 - 0x00007ffd11abf000 	C:\WINDOWS\SYSTEM32\wintypes.dll
0x00007ffd15cf0000 - 0x00007ffd15de4000 	C:\WINDOWS\System32\SHCORE.dll
0x00007ffd157e0000 - 0x00007ffd1583e000 	C:\WINDOWS\System32\shlwapi.dll
0x00007ffd13af0000 - 0x00007ffd13b11000 	C:\WINDOWS\SYSTEM32\profapi.dll
0x00007ffd0eee0000 - 0x00007ffd0eeec000 	C:\Program Files\Java\jdk-17\bin\dt_socket.dll
0x00007ffd12660000 - 0x00007ffd1268d000 	C:\WINDOWS\SYSTEM32\IPHLPAPI.DLL
0x00007ffd13010000 - 0x00007ffd13079000 	C:\WINDOWS\system32\mswsock.dll
0x00007ffd12690000 - 0x00007ffd12788000 	C:\WINDOWS\SYSTEM32\DNSAPI.dll
0x00007ffd157d0000 - 0x00007ffd157d9000 	C:\WINDOWS\System32\NSI.dll
0x00007ffd04800000 - 0x00007ffd0480a000 	C:\Windows\System32\rasadhlp.dll
0x00007ffd0c720000 - 0x00007ffd0c7a3000 	C:\WINDOWS\System32\fwpuclnt.dll
0x00007ffce4d30000 - 0x00007ffce4d49000 	C:\Program Files\Java\jdk-17\bin\net.dll
0x00007ffd0dac0000 - 0x00007ffd0dbf6000 	C:\WINDOWS\SYSTEM32\WINHTTP.dll
0x00007ffce4b90000 - 0x00007ffce4ba6000 	C:\Program Files\Java\jdk-17\bin\nio.dll
0x00007ffce4b70000 - 0x00007ffce4b88000 	C:\Program Files\Java\jdk-17\bin\zip.dll
0x00007ffd0ee50000 - 0x00007ffd0ee5a000 	C:\Program Files\Java\jdk-17\bin\management.dll
0x00007ffd0d4f0000 - 0x00007ffd0d4fb000 	C:\Program Files\Java\jdk-17\bin\management_ext.dll
0x00007ffcf22d0000 - 0x00007ffcf22e7000 	C:\WINDOWS\system32\napinsp.dll
0x00007ffcef8b0000 - 0x00007ffcef8cb000 	C:\WINDOWS\system32\pnrpnsp.dll
0x00007ffcef890000 - 0x00007ffcef8a1000 	C:\WINDOWS\System32\winrnr.dll
0x00007ffcef840000 - 0x00007ffcef855000 	C:\WINDOWS\system32\wshbth.dll
0x00007ffcef0d0000 - 0x00007ffcef0f7000 	C:\WINDOWS\system32\nlansp_c.dll
0x00007ffd13240000 - 0x00007ffd1325b000 	C:\WINDOWS\SYSTEM32\CRYPTSP.dll
0x00007ffd12b10000 - 0x00007ffd12b45000 	C:\WINDOWS\system32\rsaenh.dll
0x00007ffd130c0000 - 0x00007ffd130e8000 	C:\WINDOWS\SYSTEM32\USERENV.dll
0x00007ffd13260000 - 0x00007ffd1326c000 	C:\WINDOWS\SYSTEM32\CRYPTBASE.dll
0x00007ffd0dcc0000 - 0x00007ffd0dcd9000 	C:\WINDOWS\SYSTEM32\dhcpcsvc6.DLL
0x00007ffd0dc40000 - 0x00007ffd0dc5f000 	C:\WINDOWS\SYSTEM32\dhcpcsvc.DLL
0x00007ffcfdc30000 - 0x00007ffcfdc3e000 	C:\Program Files\Java\jdk-17\bin\sunmscapi.dll
0x00007ffd13f50000 - 0x00007ffd140b7000 	C:\WINDOWS\System32\CRYPT32.dll
0x00007ffd13460000 - 0x00007ffd1348e000 	C:\WINDOWS\SYSTEM32\ncrypt.dll
0x00007ffd13420000 - 0x00007ffd13457000 	C:\WINDOWS\SYSTEM32\NTASN1.dll
0x00007ffcfba80000 - 0x00007ffcfba90000 	C:\Program Files\Java\jdk-17\bin\verify.dll

dbghelp: loaded successfully - version: 4.0.5 - missing functions: none
symbol engine: initialized successfully - sym options: 0x614 - pdb path: .;C:\Program Files\Java\jdk-17\bin;C:\WINDOWS\SYSTEM32;C:\WINDOWS\WinSxS\amd64_microsoft.windows.common-controls_6595b64144ccf1df_6.0.22621.3672_none_2713b9d173822955;C:\Program Files\Java\jdk-17\bin\server

VM Arguments:
jvm_args: -agentlib:jdwp=transport=dt_socket,server=n,suspend=y,address=localhost:57653 -Dcom.sun.management.jmxremote -Dcom.sun.management.jmxremote.port=57645 -Dcom.sun.management.jmxremote.authenticate=false -Dcom.sun.management.jmxremote.ssl=false -Dspring.jmx.enabled=true -Djava.rmi.server.hostname=localhost -Dspring.application.admin.enabled=true -Dspring.boot.project.name=sales-manager -XX:+ShowCodeDetailsInExceptionMessages 
java_command: com.example.sales_manager.SalesManagerApplication
java_class_path (initial): C:\Users\NDQuynh\Downloads\sales-manager\sales-manager\target\classes;C:\Users\NDQuynh\.m2\repository\org\springframework\boot\spring-boot-starter-data-jpa\3.3.1\spring-boot-starter-data-jpa-3.3.1.jar;C:\Users\NDQuynh\.m2\repository\org\springframework\boot\spring-boot-starter-aop\3.3.1\spring-boot-starter-aop-3.3.1.jar;C:\Users\NDQuynh\.m2\repository\org\aspectj\aspectjweaver\1.9.22\aspectjweaver-1.9.22.jar;C:\Users\NDQuynh\.m2\repository\org\springframework\boot\spring-boot-starter-jdbc\3.3.1\spring-boot-starter-jdbc-3.3.1.jar;C:\Users\NDQuynh\.m2\repository\com\zaxxer\HikariCP\5.1.0\HikariCP-5.1.0.jar;C:\Users\NDQuynh\.m2\repository\org\springframework\spring-jdbc\6.1.10\spring-jdbc-6.1.10.jar;C:\Users\NDQuynh\.m2\repository\org\hibernate\orm\hibernate-core\6.5.2.Final\hibernate-core-6.5.2.Final.jar;C:\Users\NDQuynh\.m2\repository\jakarta\persistence\jakarta.persistence-api\3.1.0\jakarta.persistence-api-3.1.0.jar;C:\Users\NDQuynh\.m2\repository\jakarta\transaction\jakarta.transaction-api\2.0.1\jakarta.transaction-api-2.0.1.jar;C:\Users\NDQuynh\.m2\repository\org\jboss\logging\jboss-logging\3.5.3.Final\jboss-logging-3.5.3.Final.jar;C:\Users\NDQuynh\.m2\repository\org\hibernate\common\hibernate-commons-annotations\6.0.6.Final\hibernate-commons-annotations-6.0.6.Final.jar;C:\Users\NDQuynh\.m2\repository\io\smallrye\jandex\3.1.2\jandex-3.1.2.jar;C:\Users\NDQuynh\.m2\repository\com\fasterxml\classmate\1.7.0\classmate-1.7.0.jar;C:\Users\NDQuynh\.m2\repository\net\bytebuddy\byte-buddy\1.14.17\byte-buddy-1.14.17.jar;C:\Users\NDQuynh\.m2\repository\org\glassfish\jaxb\jaxb-runtime\4.0.5\jaxb-runtime-4.0.5.jar;C:\Users\NDQuynh\.m2\repository\org\glassfish\jaxb\jaxb-core\4.0.5\jaxb-core-4.0.5.jar;C:\Users\NDQuynh\.m2\repository\org\eclipse\angus\angus-activation\2.0.2\angus-activation-2.0.2.jar;C:\Users\NDQuynh\.m2\repository\org\glassfish\jaxb\txw2\4.0.5\txw2-4.0.5.jar;C:\Users\NDQuynh\.m2\repository\com\sun\istack\istack-commons-runtime\4.1.2\i
Launcher Type: SUN_STANDARD

[Global flags]
     intx CICompilerCount                          = 3                                         {product} {ergonomic}
     uint ConcGCThreads                            = 1                                         {product} {ergonomic}
     uint G1ConcRefinementThreads                  = 4                                         {product} {ergonomic}
   size_t G1HeapRegionSize                         = 1048576                                   {product} {ergonomic}
    uintx GCDrainStackTargetSize                   = 64                                        {product} {ergonomic}
   size_t InitialHeapSize                          = 65011712                                  {product} {ergonomic}
     bool ManagementServer                         = true                                      {product} {command line}
   size_t MarkStackSize                            = 4194304                                   {product} {ergonomic}
   size_t MaxHeapSize                              = 1021313024                                {product} {ergonomic}
   size_t MaxNewSize                               = 612368384                                 {product} {ergonomic}
   size_t MinHeapDeltaBytes                        = 1048576                                   {product} {ergonomic}
   size_t MinHeapSize                              = 8388608                                   {product} {ergonomic}
    uintx NonNMethodCodeHeapSize                   = 5832780                                {pd product} {ergonomic}
    uintx NonProfiledCodeHeapSize                  = 122912730                              {pd product} {ergonomic}
    uintx ProfiledCodeHeapSize                     = 122912730                              {pd product} {ergonomic}
    uintx ReservedCodeCacheSize                    = 251658240                              {pd product} {ergonomic}
     bool SegmentedCodeCache                       = true                                      {product} {ergonomic}
     bool ShowCodeDetailsInExceptionMessages       = true                                   {manageable} {command line}
   size_t SoftMaxHeapSize                          = 1021313024                             {manageable} {ergonomic}
     bool UseCompressedClassPointers               = true                           {product lp64_product} {ergonomic}
     bool UseCompressedOops                        = true                           {product lp64_product} {ergonomic}
     bool UseG1GC                                  = true                                      {product} {ergonomic}
     bool UseLargePagesIndividualAllocation        = false                                  {pd product} {ergonomic}

Logging:
Log output configuration:
 #0: stdout all=warning uptime,level,tags
 #1: stderr all=off uptime,level,tags

Environment Variables:
PATH=C:\Program Files\Python310\Scripts\;C:\Program Files\Python310\;C:\Program Files\OpenLogic\jdk-11.0.22.7-hotspot\bin;C:\Program Files (x86)\VMware\VMware Player\bin\;C:\Program Files\Common Files\Oracle\Java\javapath;C:\WINDOWS\system32;C:\WINDOWS;C:\WINDOWS\System32\Wbem;C:\WINDOWS\System32\WindowsPowerShell\v1.0\;C:\WINDOWS\System32\OpenSSH\;C:\Program Files\Git\cmd;C:\Program Files (x86)\Microsoft SQL Server\160\DTS\Binn\;C:\Program Files\Azure Data Studio\bin;C:\Program Files\nodejs\;C:\Program Files\Cloudflare\Cloudflare WARP\;C:\Program Files (x86)\Microsoft SQL Server\160\Tools\Binn\;C:\Program Files\Microsoft SQL Server\160\Tools\Binn\;C:\Program Files\Microsoft SQL Server\Client SDK\ODBC\170\Tools\Binn\;C:\Program Files\Microsoft SQL Server\160\DTS\Binn\;C:\Program Files\Docker\Docker\resources\bin;C:\Program Files\MySQL\MySQL Shell 8.0\bin\;C:\Users\NDQuynh\AppData\Local\Microsoft\WindowsApps;C:\Users\NDQuynh\AppData\Local\Programs\Microsoft VS Code\bin;C:\msys64\ucrt64\bin;;C:\Program Files\Azure Data Studio\bin;C:\Users\NDQuynh\AppData\Roaming\npm;C:\Program Files\JetBrains\IntelliJ IDEA 2023.2\bin;
USERNAME=NDQuynh
LANG=en_US.UTF-8
OS=Windows_NT
PROCESSOR_IDENTIFIER=Intel64 Family 6 Model 126 Stepping 5, GenuineIntel



---------------  S Y S T E M  ---------------

OS:
 Windows 11 , 64 bit Build 22621 (10.0.22621.3672)
OS uptime: 0 days 19:39 hours
Hyper-V role detected

CPU: total 4 (initial active 4) (2 cores per cpu, 2 threads per core) family 6 model 126 stepping 5 microcode 0x86, cx8, cmov, fxsr, ht, mmx, 3dnowpref, sse, sse2, sse3, ssse3, sse4.1, sse4.2, popcnt, lzcnt, tsc, tscinvbit, avx, avx2, aes, erms, clmul, bmi1, bmi2, adx, avx512f, avx512dq, avx512cd, avx512bw, avx512vl, sha, fma, vzeroupper, avx512_vpopcntdq, avx512_vpclmulqdq, avx512_vaes, avx512_vnni, clflush, clflushopt, avx512_vbmi2, avx512_vbmi, hv

Memory: 4k page, system-wide physical 3891M (197M free)
TotalPageFile size 12829M (AvailPageFile size 14M)
current process WorkingSet (physical memory assigned to process): 227M, peak: 235M
current process commit charge ("private bytes"): 270M, peak: 279M

vm_info: Java HotSpot(TM) 64-Bit Server VM (17.0.9+11-LTS-201) for windows-amd64 JRE (17.0.9+11-LTS-201), built on Oct 10 2023 23:16:06 by "mach5one" with MS VC++ 17.1 (VS2022)

END.
